<?xml version="1.0" encoding="UTF-8"?>
<testng-results ignored="4" total="7" passed="2" failed="1" skipped="0">
  <reporter-output>
  </reporter-output>
  <suite started-at="2022-11-11T10:42:02 CST" name="Suite" finished-at="2022-11-11T10:43:02 CST" duration-ms="60522">
    <groups>
      <group name="Regression">
        <method signature="SearchResultPageTest.verifyopenitem()[pri:0, instance:com.Amazon.Tests.SearchResultPageTest@7c7b252e]" name="verifyopenitem" class="com.Amazon.Tests.SearchResultPageTest"/>
      </group> <!-- Regression -->
      <group name="Smoke">
        <method signature="AddToCartPageTest.VerifyAddItemToCart()[pri:0, instance:com.Amazon.Tests.AddToCartPageTest@55141def]" name="VerifyAddItemToCart" class="com.Amazon.Tests.AddToCartPageTest"/>
        <method signature="IndexPageTest.verifysearchitem()[pri:0, instance:com.Amazon.Tests.IndexPageTest@47eaca72]" name="verifysearchitem" class="com.Amazon.Tests.IndexPageTest"/>
      </group> <!-- Smoke -->
    </groups>
    <test started-at="2022-11-11T10:42:02 CST" name="Test" finished-at="2022-11-11T10:43:02 CST" duration-ms="60522">
      <class name="com.Amazon.Tests.AddToCartPageTest">
        <test-method is-config="true" signature="setup()[pri:0, instance:com.Amazon.Tests.AddToCartPageTest@55141def]" started-at="2022-11-11T10:42:40 CST" name="setup" finished-at="2022-11-11T10:42:49 CST" duration-ms="8448" status="PASS">
          <reporter-output>
          </reporter-output>
        </test-method> <!-- setup -->
        <test-method signature="VerifyAddItemToCart()[pri:0, instance:com.Amazon.Tests.AddToCartPageTest@55141def]" started-at="2022-11-11T10:42:49 CST" name="VerifyAddItemToCart" finished-at="2022-11-11T10:43:02 CST" duration-ms="12955" status="FAIL">
          <exception class="org.openqa.selenium.NoSuchElementException">
            <message>
              <![CDATA[Cannot locate option with text:  M 
For documentation on this error, please visit: https://selenium.dev/exceptions/#no_such_element
Build info: version: '4.4.0', revision: 'e5c75ed026a'
System info: host: 'HARIKA', ip: '172.30.3.162', os.name: 'Windows 11', os.arch: 'amd64', os.version: '10.0', java.version: '17.0.3.1'
Driver info: driver.version: unknown]]>
            </message>
            <full-stacktrace>
              <![CDATA[org.openqa.selenium.NoSuchElementException: Cannot locate option with text:  M 
For documentation on this error, please visit: https://selenium.dev/exceptions/#no_such_element
Build info: version: '4.4.0', revision: 'e5c75ed026a'
System info: host: 'HARIKA', ip: '172.30.3.162', os.name: 'Windows 11', os.arch: 'amd64', os.version: '10.0', java.version: '17.0.3.1'
Driver info: driver.version: unknown
at org.openqa.selenium.support.ui.Select.selectByVisibleText(Select.java:151)
at com.Amazon.PageObjects.AddToCartPage.selectsize(AddToCartPage.java:47)
at com.Amazon.Tests.AddToCartPageTest.VerifyAddItemToCart(AddToCartPageTest.java:42)
at java.base/jdk.internal.reflect.NativeMethodAccessorImpl.invoke0(Native Method)
at java.base/jdk.internal.reflect.NativeMethodAccessorImpl.invoke(NativeMethodAccessorImpl.java:77)
at java.base/jdk.internal.reflect.DelegatingMethodAccessorImpl.invoke(DelegatingMethodAccessorImpl.java:43)
at java.base/java.lang.reflect.Method.invoke(Method.java:568)
at org.testng.internal.invokers.MethodInvocationHelper.invokeMethod(MethodInvocationHelper.java:135)
at org.testng.internal.invokers.TestInvoker.invokeMethod(TestInvoker.java:673)
at org.testng.internal.invokers.TestInvoker.invokeTestMethod(TestInvoker.java:220)
at org.testng.internal.invokers.MethodRunner.runInSequence(MethodRunner.java:50)
at org.testng.internal.invokers.TestInvoker$MethodInvocationAgent.invoke(TestInvoker.java:945)
at org.testng.internal.invokers.TestInvoker.invokeTestMethods(TestInvoker.java:193)
at org.testng.internal.invokers.TestMethodWorker.invokeTestMethods(TestMethodWorker.java:146)
at org.testng.internal.invokers.TestMethodWorker.run(TestMethodWorker.java:128)
at java.base/java.util.ArrayList.forEach(ArrayList.java:1511)
at org.testng.TestRunner.privateRun(TestRunner.java:808)
at org.testng.TestRunner.run(TestRunner.java:603)
at org.testng.SuiteRunner.runTest(SuiteRunner.java:429)
at org.testng.SuiteRunner.runSequentially(SuiteRunner.java:423)
at org.testng.SuiteRunner.privateRun(SuiteRunner.java:383)
at org.testng.SuiteRunner.run(SuiteRunner.java:326)
at org.testng.SuiteRunnerWorker.runSuite(SuiteRunnerWorker.java:52)
at org.testng.SuiteRunnerWorker.run(SuiteRunnerWorker.java:95)
at org.testng.TestNG.runSuitesSequentially(TestNG.java:1249)
at org.testng.TestNG.runSuitesLocally(TestNG.java:1169)
at org.testng.TestNG.runSuites(TestNG.java:1092)
at org.testng.TestNG.run(TestNG.java:1060)
at org.testng.remote.AbstractRemoteTestNG.run(AbstractRemoteTestNG.java:115)
at org.testng.remote.RemoteTestNG.initAndRun(RemoteTestNG.java:251)
at org.testng.remote.RemoteTestNG.main(RemoteTestNG.java:77)
]]>
            </full-stacktrace>
          </exception> <!-- org.openqa.selenium.NoSuchElementException -->
          <reporter-output>
          </reporter-output>
        </test-method> <!-- VerifyAddItemToCart -->
        <test-method is-config="true" signature="close()[pri:0, instance:com.Amazon.Tests.AddToCartPageTest@55141def]" started-at="2022-11-11T10:43:02 CST" name="close" finished-at="2022-11-11T10:43:02 CST" duration-ms="142" status="PASS">
          <reporter-output>
          </reporter-output>
        </test-method> <!-- close -->
      </class> <!-- com.Amazon.Tests.AddToCartPageTest -->
      <class name="com.Amazon.Tests.IndexPageTest">
        <test-method is-config="true" signature="setup()[pri:0, instance:com.Amazon.Tests.IndexPageTest@47eaca72]" started-at="2022-11-11T10:42:30 CST" name="setup" finished-at="2022-11-11T10:42:36 CST" duration-ms="6348" status="PASS">
          <reporter-output>
          </reporter-output>
        </test-method> <!-- setup -->
        <test-method signature="verifysearchitem()[pri:0, instance:com.Amazon.Tests.IndexPageTest@47eaca72]" started-at="2022-11-11T10:42:36 CST" name="verifysearchitem" finished-at="2022-11-11T10:42:40 CST" duration-ms="3710" status="PASS">
          <reporter-output>
          </reporter-output>
        </test-method> <!-- verifysearchitem -->
        <test-method is-config="true" signature="close()[pri:0, instance:com.Amazon.Tests.IndexPageTest@47eaca72]" started-at="2022-11-11T10:42:40 CST" name="close" finished-at="2022-11-11T10:42:40 CST" duration-ms="134" status="PASS">
          <reporter-output>
          </reporter-output>
        </test-method> <!-- close -->
      </class> <!-- com.Amazon.Tests.IndexPageTest -->
      <class name="com.Amazon.Tests.SearchResultPageTest">
        <test-method is-config="true" signature="loadconfig()[pri:0, instance:com.Amazon.Tests.SearchResultPageTest@7c7b252e]" started-at="2022-11-11T10:42:01 CST" name="loadconfig" finished-at="2022-11-11T10:42:02 CST" duration-ms="294" status="PASS">
          <reporter-output>
          </reporter-output>
        </test-method> <!-- loadconfig -->
        <test-method is-config="true" signature="setup()[pri:0, instance:com.Amazon.Tests.SearchResultPageTest@7c7b252e]" started-at="2022-11-11T10:42:02 CST" name="setup" finished-at="2022-11-11T10:42:19 CST" duration-ms="17751" status="PASS">
          <reporter-output>
          </reporter-output>
        </test-method> <!-- setup -->
        <test-method signature="verifyopenitem()[pri:0, instance:com.Amazon.Tests.SearchResultPageTest@7c7b252e]" started-at="2022-11-11T10:42:19 CST" name="verifyopenitem" finished-at="2022-11-11T10:42:30 CST" duration-ms="10425" status="PASS">
          <reporter-output>
          </reporter-output>
        </test-method> <!-- verifyopenitem -->
        <test-method is-config="true" signature="close()[pri:0, instance:com.Amazon.Tests.SearchResultPageTest@7c7b252e]" started-at="2022-11-11T10:42:30 CST" name="close" finished-at="2022-11-11T10:42:30 CST" duration-ms="191" status="PASS">
          <reporter-output>
          </reporter-output>
        </test-method> <!-- close -->
        <test-method is-config="true" signature="afterSuite()[pri:0, instance:com.Amazon.Tests.SearchResultPageTest@7c7b252e]" started-at="2022-11-11T10:43:02 CST" name="afterSuite" finished-at="2022-11-11T10:43:03 CST" duration-ms="494" status="PASS">
          <reporter-output>
          </reporter-output>
        </test-method> <!-- afterSuite -->
      </class> <!-- com.Amazon.Tests.SearchResultPageTest -->
    </test> <!-- Test -->
  </suite> <!-- Suite -->
</testng-results>
